Grammar

    0 $accept: stream "end of file"

    1 stream: token
    2       | stream token

    3 token: BINOP
    4      | MINUSOP
    5      | UNOP
    6      | SEMICOLON
    7      | EQUALS
    8      | COMMA
    9      | DOT
   10      | COLON
   11      | SQUARE_OPEN
   12      | SQUARE_CLOSE
   13      | VARIABLE_LIST
   14      | PARENTHESIS_OPEN
   15      | PARENTHESIS_CLOSE
   16      | LIST_OPEN
   17      | LIST_CLOSE
   18      | DO
   19      | END
   20      | WHILE
   21      | REPEAT
   22      | UNTIL
   23      | IF
   24      | THEN
   25      | ELSEIF
   26      | ELSE
   27      | FOR
   28      | IN
   29      | FUNCTION
   30      | LOCAL
   31      | RETURN
   32      | BREAK
   33      | NIL
   34      | TRUE
   35      | FALSE
   36      | QUOTED
   37      | DBLQUOTED
   38      | NAME
   39      | NUMBER


Terminals, with rules where they appear

"end of file" (0) 0
error (256)
BINOP <ast::token::BinOPToken> (258) 3
MINUSOP <ast::token::MinusOPToken> (259) 4
UNOP <ast::token::UnOPToken> (260) 5
SEMICOLON (261) 6
EQUALS (262) 7
COMMA (263) 8
DOT (264) 9
COLON (265) 10
SQUARE_OPEN (266) 11
SQUARE_CLOSE (267) 12
VARIABLE_LIST (268) 13
PARENTHESIS_OPEN (269) 14
PARENTHESIS_CLOSE (270) 15
LIST_OPEN (271) 16
LIST_CLOSE (272) 17
DO (273) 18
END (274) 19
WHILE (275) 20
REPEAT (276) 21
UNTIL (277) 22
IF (278) 23
THEN (279) 24
ELSEIF (280) 25
ELSE (281) 26
FOR (282) 27
IN (283) 28
FUNCTION (284) 29
LOCAL (285) 30
RETURN (286) 31
BREAK (287) 32
NIL (288) 33
TRUE (289) 34
FALSE (290) 35
QUOTED <std::string> (291) 36
DBLQUOTED <std::string> (292) 37
NAME <std::string> (293) 38
NUMBER <std::string> (294) 39


Nonterminals, with rules where they appear

$accept (40)
    on left: 0
stream <ast::Node> (41)
    on left: 1 2, on right: 0 2
token (42)
    on left: 3 4 5 6 7 8 9 10 11 12 13 14 15 16 17 18 19 20 21 22 23
    24 25 26 27 28 29 30 31 32 33 34 35 36 37 38 39, on right: 1 2


State 0

    0 $accept: . stream "end of file"

    BINOP              shift, and go to state 1
    MINUSOP            shift, and go to state 2
    UNOP               shift, and go to state 3
    SEMICOLON          shift, and go to state 4
    EQUALS             shift, and go to state 5
    COMMA              shift, and go to state 6
    DOT                shift, and go to state 7
    COLON              shift, and go to state 8
    SQUARE_OPEN        shift, and go to state 9
    SQUARE_CLOSE       shift, and go to state 10
    VARIABLE_LIST      shift, and go to state 11
    PARENTHESIS_OPEN   shift, and go to state 12
    PARENTHESIS_CLOSE  shift, and go to state 13
    LIST_OPEN          shift, and go to state 14
    LIST_CLOSE         shift, and go to state 15
    DO                 shift, and go to state 16
    END                shift, and go to state 17
    WHILE              shift, and go to state 18
    REPEAT             shift, and go to state 19
    UNTIL              shift, and go to state 20
    IF                 shift, and go to state 21
    THEN               shift, and go to state 22
    ELSEIF             shift, and go to state 23
    ELSE               shift, and go to state 24
    FOR                shift, and go to state 25
    IN                 shift, and go to state 26
    FUNCTION           shift, and go to state 27
    LOCAL              shift, and go to state 28
    RETURN             shift, and go to state 29
    BREAK              shift, and go to state 30
    NIL                shift, and go to state 31
    TRUE               shift, and go to state 32
    FALSE              shift, and go to state 33
    QUOTED             shift, and go to state 34
    DBLQUOTED          shift, and go to state 35
    NAME               shift, and go to state 36
    NUMBER             shift, and go to state 37

    stream  go to state 38
    token   go to state 39


State 1

    3 token: BINOP .

    $default  reduce using rule 3 (token)


State 2

    4 token: MINUSOP .

    $default  reduce using rule 4 (token)


State 3

    5 token: UNOP .

    $default  reduce using rule 5 (token)


State 4

    6 token: SEMICOLON .

    $default  reduce using rule 6 (token)


State 5

    7 token: EQUALS .

    $default  reduce using rule 7 (token)


State 6

    8 token: COMMA .

    $default  reduce using rule 8 (token)


State 7

    9 token: DOT .

    $default  reduce using rule 9 (token)


State 8

   10 token: COLON .

    $default  reduce using rule 10 (token)


State 9

   11 token: SQUARE_OPEN .

    $default  reduce using rule 11 (token)


State 10

   12 token: SQUARE_CLOSE .

    $default  reduce using rule 12 (token)


State 11

   13 token: VARIABLE_LIST .

    $default  reduce using rule 13 (token)


State 12

   14 token: PARENTHESIS_OPEN .

    $default  reduce using rule 14 (token)


State 13

   15 token: PARENTHESIS_CLOSE .

    $default  reduce using rule 15 (token)


State 14

   16 token: LIST_OPEN .

    $default  reduce using rule 16 (token)


State 15

   17 token: LIST_CLOSE .

    $default  reduce using rule 17 (token)


State 16

   18 token: DO .

    $default  reduce using rule 18 (token)


State 17

   19 token: END .

    $default  reduce using rule 19 (token)


State 18

   20 token: WHILE .

    $default  reduce using rule 20 (token)


State 19

   21 token: REPEAT .

    $default  reduce using rule 21 (token)


State 20

   22 token: UNTIL .

    $default  reduce using rule 22 (token)


State 21

   23 token: IF .

    $default  reduce using rule 23 (token)


State 22

   24 token: THEN .

    $default  reduce using rule 24 (token)


State 23

   25 token: ELSEIF .

    $default  reduce using rule 25 (token)


State 24

   26 token: ELSE .

    $default  reduce using rule 26 (token)


State 25

   27 token: FOR .

    $default  reduce using rule 27 (token)


State 26

   28 token: IN .

    $default  reduce using rule 28 (token)


State 27

   29 token: FUNCTION .

    $default  reduce using rule 29 (token)


State 28

   30 token: LOCAL .

    $default  reduce using rule 30 (token)


State 29

   31 token: RETURN .

    $default  reduce using rule 31 (token)


State 30

   32 token: BREAK .

    $default  reduce using rule 32 (token)


State 31

   33 token: NIL .

    $default  reduce using rule 33 (token)


State 32

   34 token: TRUE .

    $default  reduce using rule 34 (token)


State 33

   35 token: FALSE .

    $default  reduce using rule 35 (token)


State 34

   36 token: QUOTED .

    $default  reduce using rule 36 (token)


State 35

   37 token: DBLQUOTED .

    $default  reduce using rule 37 (token)


State 36

   38 token: NAME .

    $default  reduce using rule 38 (token)


State 37

   39 token: NUMBER .

    $default  reduce using rule 39 (token)


State 38

    0 $accept: stream . "end of file"
    2 stream: stream . token

    "end of file"      shift, and go to state 40
    BINOP              shift, and go to state 1
    MINUSOP            shift, and go to state 2
    UNOP               shift, and go to state 3
    SEMICOLON          shift, and go to state 4
    EQUALS             shift, and go to state 5
    COMMA              shift, and go to state 6
    DOT                shift, and go to state 7
    COLON              shift, and go to state 8
    SQUARE_OPEN        shift, and go to state 9
    SQUARE_CLOSE       shift, and go to state 10
    VARIABLE_LIST      shift, and go to state 11
    PARENTHESIS_OPEN   shift, and go to state 12
    PARENTHESIS_CLOSE  shift, and go to state 13
    LIST_OPEN          shift, and go to state 14
    LIST_CLOSE         shift, and go to state 15
    DO                 shift, and go to state 16
    END                shift, and go to state 17
    WHILE              shift, and go to state 18
    REPEAT             shift, and go to state 19
    UNTIL              shift, and go to state 20
    IF                 shift, and go to state 21
    THEN               shift, and go to state 22
    ELSEIF             shift, and go to state 23
    ELSE               shift, and go to state 24
    FOR                shift, and go to state 25
    IN                 shift, and go to state 26
    FUNCTION           shift, and go to state 27
    LOCAL              shift, and go to state 28
    RETURN             shift, and go to state 29
    BREAK              shift, and go to state 30
    NIL                shift, and go to state 31
    TRUE               shift, and go to state 32
    FALSE              shift, and go to state 33
    QUOTED             shift, and go to state 34
    DBLQUOTED          shift, and go to state 35
    NAME               shift, and go to state 36
    NUMBER             shift, and go to state 37

    token  go to state 41


State 39

    1 stream: token .

    $default  reduce using rule 1 (stream)


State 40

    0 $accept: stream "end of file" .

    $default  accept


State 41

    2 stream: stream token .

    $default  reduce using rule 2 (stream)
